<?xml version="1.0" encoding="UTF-8"?>
<testng-results ignored="0" total="2" passed="2" failed="0" skipped="0">
  <reporter-output>
  </reporter-output>
  <suite started-at="2025-02-05T13:18:20 IST" name="Suite" finished-at="2025-02-05T13:18:54 IST" duration-ms="34121">
    <groups>
      <group name="regression">
        <method signature="accountregestire.accregestire()[pri:0, instance:testcasses.accountregestire@54a7079e]" name="accregestire" class="testcasses.accountregestire"/>
      </group> <!-- regression -->
      <group name="sanity">
        <method signature="logintomyaccount.logintomyaccout()[pri:0, instance:testcasses.logintomyaccount@55634720]" name="logintomyaccout" class="testcasses.logintomyaccount"/>
      </group> <!-- sanity -->
      <group name="master">
        <method signature="accountregestire.accregestire()[pri:0, instance:testcasses.accountregestire@54a7079e]" name="accregestire" class="testcasses.accountregestire"/>
        <method signature="logintomyaccount.logintomyaccout()[pri:0, instance:testcasses.logintomyaccount@55634720]" name="logintomyaccout" class="testcasses.logintomyaccount"/>
      </group> <!-- master -->
    </groups>
    <test started-at="2025-02-05T13:18:20 IST" name="Test" finished-at="2025-02-05T13:18:54 IST" duration-ms="34121">
      <class name="testcasses.logintomyaccount">
        <test-method is-config="true" signature="setup(java.lang.String,java.lang.String)[pri:0, instance:testcasses.logintomyaccount@55634720]" started-at="2025-02-05T13:18:48 IST" name="setup" finished-at="2025-02-05T13:18:52 IST" duration-ms="3878" status="PASS">
          <params>
            <param index="0">
              <value>
                <![CDATA[windows]]>
              </value>
            </param>
            <param index="1">
              <value>
                <![CDATA[Chrome]]>
              </value>
            </param>
          </params>
          <reporter-output>
          </reporter-output>
        </test-method> <!-- setup -->
        <test-method signature="logintomyaccout()[pri:0, instance:testcasses.logintomyaccount@55634720]" started-at="2025-02-05T13:18:52 IST" name="logintomyaccout" finished-at="2025-02-05T13:18:54 IST" duration-ms="1964" status="PASS">
          <reporter-output>
          </reporter-output>
        </test-method> <!-- logintomyaccout -->
        <test-method is-config="true" signature="close()[pri:0, instance:testcasses.logintomyaccount@55634720]" started-at="2025-02-05T13:18:54 IST" name="close" finished-at="2025-02-05T13:18:54 IST" duration-ms="338" status="PASS">
          <reporter-output>
          </reporter-output>
        </test-method> <!-- close -->
      </class> <!-- testcasses.logintomyaccount -->
      <class name="testcasses.accountregestire">
        <test-method is-config="true" signature="setup(java.lang.String,java.lang.String)[pri:0, instance:testcasses.accountregestire@54a7079e]" started-at="2025-02-05T13:18:20 IST" name="setup" finished-at="2025-02-05T13:18:43 IST" duration-ms="23087" status="PASS">
          <params>
            <param index="0">
              <value>
                <![CDATA[windows]]>
              </value>
            </param>
            <param index="1">
              <value>
                <![CDATA[Chrome]]>
              </value>
            </param>
          </params>
          <reporter-output>
          </reporter-output>
        </test-method> <!-- setup -->
        <test-method signature="accregestire()[pri:0, instance:testcasses.accountregestire@54a7079e]" started-at="2025-02-05T13:18:43 IST" name="accregestire" finished-at="2025-02-05T13:18:48 IST" duration-ms="4353" status="PASS">
          <reporter-output>
          </reporter-output>
        </test-method> <!-- accregestire -->
        <test-method is-config="true" signature="close()[pri:0, instance:testcasses.accountregestire@54a7079e]" started-at="2025-02-05T13:18:48 IST" name="close" finished-at="2025-02-05T13:18:48 IST" duration-ms="359" status="PASS">
          <reporter-output>
          </reporter-output>
        </test-method> <!-- close -->
      </class> <!-- testcasses.accountregestire -->
    </test> <!-- Test -->
  </suite> <!-- Suite -->
</testng-results>
